0 info it worked if it ends with ok
1 verbose cli [ '/usr/local/bin/node',
1 verbose cli   '/usr/local/bin/npm',
1 verbose cli   'install',
1 verbose cli   '--save-dev',
1 verbose cli   '--save-exact',
1 verbose cli   'react-scripts' ]
2 info using npm@2.14.7
3 info using node@v4.2.1
4 verbose install initial load of /Users/Chris/Code/personal_projects/lynda_react/bulletin-board/package.json
5 verbose readDependencies loading dependencies from /Users/Chris/Code/personal_projects/lynda_react/bulletin-board/package.json
6 silly cache add args [ 'react-scripts', null ]
7 verbose cache add spec react-scripts
8 silly cache add parsed spec Result {
8 silly cache add   raw: 'react-scripts',
8 silly cache add   scope: null,
8 silly cache add   name: 'react-scripts',
8 silly cache add   rawSpec: '',
8 silly cache add   spec: '*',
8 silly cache add   type: 'range' }
9 silly addNamed react-scripts@*
10 verbose addNamed "*" is a valid semver range for react-scripts
11 silly addNameRange { name: 'react-scripts', range: '*', hasData: false }
12 silly mapToRegistry name react-scripts
13 silly mapToRegistry using default registry
14 silly mapToRegistry registry https://registry.npmjs.org/
15 silly mapToRegistry uri https://registry.npmjs.org/react-scripts
16 verbose addNameRange registry:https://registry.npmjs.org/react-scripts not in flight; fetching
17 verbose request uri https://registry.npmjs.org/react-scripts
18 verbose request no auth needed
19 info attempt registry request try #1 at 2:22:30 PM
20 verbose request id 284c2f0e1ca0b929
21 http request GET https://registry.npmjs.org/react-scripts
22 http 200 https://registry.npmjs.org/react-scripts
23 verbose headers { server: 'CouchDB/1.5.0 (Erlang OTP/R16B03)',
23 verbose headers   etag: '"9PS2JZ77QN2XXG959V2CH2PRR"',
23 verbose headers   'content-type': 'application/json',
23 verbose headers   'content-encoding': 'gzip',
23 verbose headers   'cache-control': 'max-age=300',
23 verbose headers   'content-length': '12681',
23 verbose headers   'accept-ranges': 'bytes',
23 verbose headers   date: 'Mon, 03 Oct 2016 21:22:31 GMT',
23 verbose headers   via: '1.1 varnish',
23 verbose headers   age: '0',
23 verbose headers   connection: 'keep-alive',
23 verbose headers   'x-served-by': 'cache-sea1926-SEA',
23 verbose headers   'x-cache': 'HIT',
23 verbose headers   'x-cache-hits': '1',
23 verbose headers   'x-timer': 'S1475529751.046549,VS0,VE104',
23 verbose headers   vary: 'Accept-Encoding' }
24 silly get cb [ 200,
24 silly get   { server: 'CouchDB/1.5.0 (Erlang OTP/R16B03)',
24 silly get     etag: '"9PS2JZ77QN2XXG959V2CH2PRR"',
24 silly get     'content-type': 'application/json',
24 silly get     'content-encoding': 'gzip',
24 silly get     'cache-control': 'max-age=300',
24 silly get     'content-length': '12681',
24 silly get     'accept-ranges': 'bytes',
24 silly get     date: 'Mon, 03 Oct 2016 21:22:31 GMT',
24 silly get     via: '1.1 varnish',
24 silly get     age: '0',
24 silly get     connection: 'keep-alive',
24 silly get     'x-served-by': 'cache-sea1926-SEA',
24 silly get     'x-cache': 'HIT',
24 silly get     'x-cache-hits': '1',
24 silly get     'x-timer': 'S1475529751.046549,VS0,VE104',
24 silly get     vary: 'Accept-Encoding' } ]
25 verbose get saving react-scripts to /Users/Chris/.npm/registry.npmjs.org/react-scripts/.cache.json
26 silly addNameRange number 2 { name: 'react-scripts', range: '*', hasData: true }
27 silly addNameRange versions [ 'react-scripts',
27 silly addNameRange   [ '0.0.0',
27 silly addNameRange     '0.1.0',
27 silly addNameRange     '0.2.0-alpha.1',
27 silly addNameRange     '0.2.0',
27 silly addNameRange     '0.2.1',
27 silly addNameRange     '0.3.0-alpha',
27 silly addNameRange     '0.2.2',
27 silly addNameRange     '0.2.3',
27 silly addNameRange     '0.3.0-beta',
27 silly addNameRange     '0.3.0',
27 silly addNameRange     '0.3.1',
27 silly addNameRange     '0.4.0',
27 silly addNameRange     '0.4.1',
27 silly addNameRange     '0.4.2',
27 silly addNameRange     '0.4.3-0',
27 silly addNameRange     '0.4.3',
27 silly addNameRange     '0.5.0',
27 silly addNameRange     '0.5.1',
27 silly addNameRange     '0.6.0',
27 silly addNameRange     '0.6.1' ] ]
28 silly addNamed react-scripts@0.6.1
29 verbose addNamed "0.6.1" is a plain semver version for react-scripts
30 silly mapToRegistry name react-scripts
31 silly mapToRegistry using default registry
32 silly mapToRegistry registry https://registry.npmjs.org/
33 silly mapToRegistry uri https://registry.npmjs.org/react-scripts
34 verbose addRemoteTarball https://registry.npmjs.org/react-scripts/-/react-scripts-0.6.1.tgz not in flight; adding
35 verbose addRemoteTarball [ 'https://registry.npmjs.org/react-scripts/-/react-scripts-0.6.1.tgz',
35 verbose addRemoteTarball   '526cc472ae0c0de6bc4fdcbb198af2a62c6d4671' ]
36 info retry fetch attempt 1 at 2:22:31 PM
37 info attempt registry request try #1 at 2:22:31 PM
38 http fetch GET https://registry.npmjs.org/react-scripts/-/react-scripts-0.6.1.tgz
39 http fetch 200 https://registry.npmjs.org/react-scripts/-/react-scripts-0.6.1.tgz
40 info retry will retry, error on last attempt: Error: read ECONNRESET
41 info retry will retry, error on last attempt: Error: read ECONNRESET
42 silly fetchAndShaCheck shasum 526cc472ae0c0de6bc4fdcbb198af2a62c6d4671
43 verbose stack Error: shasum check failed for /var/folders/xq/4zmvjl954c55ptf94vj7xdxm0000gn/T/npm-3492-3e817378/registry.npmjs.org/react-scripts/-/react-scripts-0.6.1.tgz
43 verbose stack Expected: 526cc472ae0c0de6bc4fdcbb198af2a62c6d4671
43 verbose stack Actual:   f2e6639082e852aea53a36eadb1fe4bf6641920f
43 verbose stack From:     https://registry.npmjs.org/react-scripts/-/react-scripts-0.6.1.tgz
43 verbose stack     at /usr/local/lib/node_modules/npm/node_modules/sha/index.js:25:8
43 verbose stack     at ReadStream.<anonymous> (/usr/local/lib/node_modules/npm/node_modules/sha/index.js:72:7)
43 verbose stack     at emitNone (events.js:72:20)
43 verbose stack     at ReadStream.emit (events.js:166:7)
43 verbose stack     at endReadableNT (_stream_readable.js:903:12)
43 verbose stack     at doNTCallback2 (node.js:439:9)
43 verbose stack     at process._tickCallback (node.js:353:17)
44 verbose cwd /Users/Chris/Code/personal_projects/lynda_react/bulletin-board
45 error Darwin 15.6.0
46 error argv "/usr/local/bin/node" "/usr/local/bin/npm" "install" "--save-dev" "--save-exact" "react-scripts"
47 error node v4.2.1
48 error npm  v2.14.7
49 error shasum check failed for /var/folders/xq/4zmvjl954c55ptf94vj7xdxm0000gn/T/npm-3492-3e817378/registry.npmjs.org/react-scripts/-/react-scripts-0.6.1.tgz
49 error Expected: 526cc472ae0c0de6bc4fdcbb198af2a62c6d4671
49 error Actual:   f2e6639082e852aea53a36eadb1fe4bf6641920f
49 error From:     https://registry.npmjs.org/react-scripts/-/react-scripts-0.6.1.tgz
50 error If you need help, you may report this error at:
50 error     <https://github.com/npm/npm/issues>
51 verbose exit [ 1, true ]
